<?xml version="1.0" encoding="UTF-8"?>
<!-- Generated by org.testng.reporters.JUnitXMLReporter -->
<testsuite ignored="0" hostname="lerato-ThinkPad-T540p" failures="1" tests="1" name="validateTitle" time="36.908" errors="0" timestamp="2020-06-08T17:45:12 SAST">
  <testcase classname="com.TestFrame.suiteFull.ValidateTitle" name="homePageNavigation" time="0.049">
    <failure type="java.lang.AssertionError" message="expected:&amp;lt;FEATURED COURSESx&amp;gt; but was:&amp;lt;FEATURED COURSES&amp;gt;">
      <![CDATA[java.lang.AssertionError: expected:<FEATURED COURSESx> but was:<FEATURED COURSES>
at com.TestFrame.suiteFull.ValidateTitle.homePageNavigation(ValidateTitle.java:47)
at java.base/java.util.ArrayList.forEach(ArrayList.java:1540)
... Removed 29 stack frames]]>
    </failure>
  </testcase> <!-- homePageNavigation -->
</testsuite> <!-- validateTitle -->
