<?xml version="1.0" encoding="UTF-8"?>
<!-- Generated by org.testng.reporters.JUnitXMLReporter -->
<testsuite ignored="0" hostname="lerato-ThinkPad-T540p" failures="1" tests="1" name="validateTitle" time="6.181" errors="0" timestamp="2020-06-08T23:23:33 SAST">
  <testcase classname="com.TestFrame.suiteFull.ValidateTitle" name="TitleValidation" time="0.046">
    <failure type="java.lang.AssertionError" message="expected:&amp;lt;FEATURED COURSESx&amp;gt; but was:&amp;lt;FEATURED COURSES&amp;gt;">
      <![CDATA[java.lang.AssertionError: expected:<FEATURED COURSESx> but was:<FEATURED COURSES>
at com.TestFrame.suiteFull.ValidateTitle.TitleValidation(ValidateTitle.java:48)
at java.base/java.util.ArrayList.forEach(ArrayList.java:1540)
at java.base/java.util.concurrent.FutureTask.run(FutureTask.java:264)
at java.base/java.util.concurrent.ThreadPoolExecutor.runWorker(ThreadPoolExecutor.java:1128)
at java.base/java.util.concurrent.ThreadPoolExecutor$Worker.run(ThreadPoolExecutor.java:628)
at java.base/java.lang.Thread.run(Thread.java:834)
... Removed 20 stack frames]]>
    </failure>
  </testcase> <!-- TitleValidation -->
</testsuite> <!-- validateTitle -->
